build/app/intermediates/manifest_merge_blame_file/debug/manifest-merger-blame-debug-report.txt
1<?xml version="1.0" encoding="utf-8"?>
2<manifest xmlns:android="http://schemas.android.com/apk/res/android"
3    package="com.example.scheduler"
4    android:versionCode="1"
5    android:versionName="1.0.0" >
6
7    <uses-sdk
8        android:minSdkVersion="21"
9        android:targetSdkVersion="33" />
10    <!--
11         The INTERNET permission is required for development. Specifically,
12         the Flutter tool needs it to communicate with the running application
13         to allow setting breakpoints, to provide hot reload, etc.
14    -->
15    <uses-permission android:name="android.permission.INTERNET" />
15-->src\debug\AndroidManifest.xml:6:5-66
15-->src\debug\AndroidManifest.xml:6:22-64
16    <!--
17     Required to query activities that can process text, see:
18         https://developer.android.com/training/package-visibility?hl=en and
19         https://developer.android.com/reference/android/content/Intent#ACTION_PROCESS_TEXT.
20
21         In particular, this is used by the Flutter engine in io.flutter.plugin.text.ProcessTextPlugin.
22    -->
23    <queries>
23-->src\main\AndroidManifest.xml:67:5-72:15
24        <intent>
24-->src\main\AndroidManifest.xml:68:9-71:18
25            <action android:name="android.intent.action.PROCESS_TEXT" />
25-->src\main\AndroidManifest.xml:69:13-72
25-->src\main\AndroidManifest.xml:69:21-70
26
27            <data android:mimeType="text/plain" />
27-->src\main\AndroidManifest.xml:70:13-50
27-->src\main\AndroidManifest.xml:70:19-48
28        </intent>
29
30        <package android:name="com.kakao.talk" />
30-->[:kakao_flutter_sdk_common] AndroidManifest.xml:10:9-50
30-->[:kakao_flutter_sdk_common] AndroidManifest.xml:10:18-47
31        <package android:name="com.kakao.talk.alpha" />
31-->[:kakao_flutter_sdk_common] AndroidManifest.xml:11:9-56
31-->[:kakao_flutter_sdk_common] AndroidManifest.xml:11:18-53
32        <package android:name="com.kakao.talk.sandbox" />
32-->[:kakao_flutter_sdk_common] AndroidManifest.xml:12:9-58
32-->[:kakao_flutter_sdk_common] AndroidManifest.xml:12:18-55
33        <package android:name="com.kakao.onetalk" />
33-->[:kakao_flutter_sdk_common] AndroidManifest.xml:13:9-53
33-->[:kakao_flutter_sdk_common] AndroidManifest.xml:13:18-50
34        <package android:name="com.locnall.KimGiSa" />
34-->[:kakao_flutter_sdk_common] AndroidManifest.xml:14:9-55
34-->[:kakao_flutter_sdk_common] AndroidManifest.xml:14:18-52
35        <package android:name="com.lguplus.navi" />
35-->[:kakao_flutter_sdk_common] AndroidManifest.xml:15:9-52
35-->[:kakao_flutter_sdk_common] AndroidManifest.xml:15:18-49
36
37        <intent>
37-->[:kakao_flutter_sdk_common] AndroidManifest.xml:17:9-23:18
38            <action android:name="android.intent.action.VIEW" />
38-->[:kakao_flutter_sdk_common] AndroidManifest.xml:18:13-65
38-->[:kakao_flutter_sdk_common] AndroidManifest.xml:18:21-62
39
40            <category android:name="android.intent.category.BROWSABLE" />
40-->[:kakao_flutter_sdk_common] AndroidManifest.xml:20:13-74
40-->[:kakao_flutter_sdk_common] AndroidManifest.xml:20:23-71
41
42            <data android:scheme="https" />
42-->src\main\AndroidManifest.xml:70:13-50
43        </intent>
44    </queries>
45
46    <application
47        android:name="android.app.Application"
48        android:appComponentFactory="androidx.core.app.CoreComponentFactory"
48-->[androidx.core:core:1.8.0] AndroidManifest.xml:24:18-86
49        android:debuggable="true"
50        android:icon="@mipmap/ic_launcher"
51        android:label="scheduler" >
52
53        <!-- 카카오 로그인 커스텀 URL 스킴 설정 -->
54        <activity
55            android:name="com.kakao.sdk.flutter.AuthCodeCustomTabsActivity"
56            android:exported="true"
57            android:launchMode="singleTask"
57-->[:kakao_flutter_sdk_common] AndroidManifest.xml:36:13-44
58            android:theme="@style/TransparentCompat" >
58-->[:kakao_flutter_sdk_common] AndroidManifest.xml:37:13-53
59            <intent-filter android:label="flutter_web_auth" >
60                <action android:name="android.intent.action.VIEW" />
60-->[:kakao_flutter_sdk_common] AndroidManifest.xml:18:13-65
60-->[:kakao_flutter_sdk_common] AndroidManifest.xml:18:21-62
61
62                <category android:name="android.intent.category.DEFAULT" />
63                <category android:name="android.intent.category.BROWSABLE" />
63-->[:kakao_flutter_sdk_common] AndroidManifest.xml:20:13-74
63-->[:kakao_flutter_sdk_common] AndroidManifest.xml:20:23-71
64
65                <!-- "kakao${YOUR_NATIVE_APP_KEY}://oauth" 형식의 앱 실행 스킴 설정 -->
66                <!-- 카카오 로그인 Redirect URI -->
67                <data
67-->src\main\AndroidManifest.xml:70:13-50
68                    android:host="oauth"
69                    android:scheme="kakao1e183dbd3fe27b83dd4f6c01898a258f" />
70            </intent-filter>
71        </activity>
72        <activity
73            android:name="com.example.scheduler.MainActivity"
74            android:configChanges="orientation|keyboardHidden|keyboard|screenSize|smallestScreenSize|locale|layoutDirection|fontScale|screenLayout|density|uiMode"
75            android:exported="true"
76            android:hardwareAccelerated="true"
77            android:launchMode="singleTop"
78            android:theme="@style/LaunchTheme"
79            android:windowSoftInputMode="adjustResize" >
80
81            <!--
82                 Specifies an Android theme to apply to this Activity as soon as
83                 the Android process has started. This theme is visible to the user
84                 while the Flutter UI initializes. After that, this theme continues
85                 to determine the Window background behind the Flutter UI.
86            -->
87            <meta-data
88                android:name="io.flutter.embedding.android.NormalTheme"
89                android:resource="@style/NormalTheme" />
90
91            <intent-filter>
92                <action android:name="android.intent.action.MAIN" />
93
94                <category android:name="android.intent.category.LAUNCHER" />
95            </intent-filter>
96            <intent-filter>
97                <action android:name="android.intent.action.VIEW" />
97-->[:kakao_flutter_sdk_common] AndroidManifest.xml:18:13-65
97-->[:kakao_flutter_sdk_common] AndroidManifest.xml:18:21-62
98
99                <category android:name="android.intent.category.DEFAULT" />
100                <category android:name="android.intent.category.BROWSABLE" />
100-->[:kakao_flutter_sdk_common] AndroidManifest.xml:20:13-74
100-->[:kakao_flutter_sdk_common] AndroidManifest.xml:20:23-71
101
102                <!-- "kakao${YOUR_NATIVE_APP_KEY}://${PRODUCT_NAME}" 형식의 앱 실행 스킴 설정 -->
103                <!-- 카카오톡 공유, 카카오톡 메시지 -->
104                <data
104-->src\main\AndroidManifest.xml:70:13-50
105                    android:host="kakaolink"
106                    android:scheme="kakao1e183dbd3fe27b83dd4f6c01898a258f" />
107            </intent-filter>
108        </activity>
109        <!--
110             Don't delete the meta-data below.
111             This is used by the Flutter tool to generate GeneratedPluginRegistrant.java
112        -->
113        <meta-data
114            android:name="flutterEmbedding"
115            android:value="2" />
116
117        <activity
117-->[:kakao_flutter_sdk_common] AndroidManifest.xml:27:9-32:56
118            android:name="com.kakao.sdk.flutter.TalkAuthCodeActivity"
118-->[:kakao_flutter_sdk_common] AndroidManifest.xml:28:13-70
119            android:configChanges="orientation|screenSize|keyboardHidden|uiMode"
119-->[:kakao_flutter_sdk_common] AndroidManifest.xml:29:13-81
120            android:exported="false"
120-->[:kakao_flutter_sdk_common] AndroidManifest.xml:30:13-37
121            android:launchMode="singleTask"
121-->[:kakao_flutter_sdk_common] AndroidManifest.xml:31:13-44
122            android:theme="@style/TransparentCompat" />
122-->[:kakao_flutter_sdk_common] AndroidManifest.xml:32:13-53
123
124        <uses-library
124-->[androidx.window:window:1.0.0-beta04] AndroidManifest.xml:25:9-27:40
125            android:name="androidx.window.extensions"
125-->[androidx.window:window:1.0.0-beta04] AndroidManifest.xml:26:13-54
126            android:required="false" />
126-->[androidx.window:window:1.0.0-beta04] AndroidManifest.xml:27:13-37
127        <uses-library
127-->[androidx.window:window:1.0.0-beta04] AndroidManifest.xml:28:9-30:40
128            android:name="androidx.window.sidecar"
128-->[androidx.window:window:1.0.0-beta04] AndroidManifest.xml:29:13-51
129            android:required="false" />
129-->[androidx.window:window:1.0.0-beta04] AndroidManifest.xml:30:13-37
130
131        <activity
131-->[com.google.android.gms:play-services-auth:21.0.0] AndroidManifest.xml:23:9-27:75
132            android:name="com.google.android.gms.auth.api.signin.internal.SignInHubActivity"
132-->[com.google.android.gms:play-services-auth:21.0.0] AndroidManifest.xml:24:13-93
133            android:excludeFromRecents="true"
133-->[com.google.android.gms:play-services-auth:21.0.0] AndroidManifest.xml:25:13-46
134            android:exported="false"
134-->[com.google.android.gms:play-services-auth:21.0.0] AndroidManifest.xml:26:13-37
135            android:theme="@android:style/Theme.Translucent.NoTitleBar" />
135-->[com.google.android.gms:play-services-auth:21.0.0] AndroidManifest.xml:27:13-72
136        <!--
137            Service handling Google Sign-In user revocation. For apps that do not integrate with
138            Google Sign-In, this service will never be started.
139        -->
140        <service
140-->[com.google.android.gms:play-services-auth:21.0.0] AndroidManifest.xml:33:9-37:51
141            android:name="com.google.android.gms.auth.api.signin.RevocationBoundService"
141-->[com.google.android.gms:play-services-auth:21.0.0] AndroidManifest.xml:34:13-89
142            android:exported="true"
142-->[com.google.android.gms:play-services-auth:21.0.0] AndroidManifest.xml:35:13-36
143            android:permission="com.google.android.gms.auth.api.signin.permission.REVOCATION_NOTIFICATION"
143-->[com.google.android.gms:play-services-auth:21.0.0] AndroidManifest.xml:36:13-107
144            android:visibleToInstantApps="true" />
144-->[com.google.android.gms:play-services-auth:21.0.0] AndroidManifest.xml:37:13-48
145
146        <activity
146-->[com.google.android.gms:play-services-base:18.0.1] AndroidManifest.xml:20:9-22:45
147            android:name="com.google.android.gms.common.api.GoogleApiActivity"
147-->[com.google.android.gms:play-services-base:18.0.1] AndroidManifest.xml:20:19-85
148            android:exported="false"
148-->[com.google.android.gms:play-services-base:18.0.1] AndroidManifest.xml:22:19-43
149            android:theme="@android:style/Theme.Translucent.NoTitleBar" />
149-->[com.google.android.gms:play-services-base:18.0.1] AndroidManifest.xml:21:19-78
150
151        <meta-data
151-->[com.google.android.gms:play-services-basement:18.2.0] AndroidManifest.xml:21:9-23:69
152            android:name="com.google.android.gms.version"
152-->[com.google.android.gms:play-services-basement:18.2.0] AndroidManifest.xml:22:13-58
153            android:value="@integer/google_play_services_version" />
153-->[com.google.android.gms:play-services-basement:18.2.0] AndroidManifest.xml:23:13-66
154    </application>
155
156</manifest>